<?xml version="1.0" encoding="UTF-8"?>
<!-- Generated by org.testng.reporters.JUnitXMLReporter -->
<testsuite hostname="EPBYGOMW0318" name="Default test" tests="10" failures="0" timestamp="8 Dec 2016 07:43:09 GMT" time="196.697" errors="0">
  <testcase name="loginTest" time="15.92" classname="com.epam.gomel.tat.test.BaseChromeTests"/>
  <testcase name="wrongLoginTest" time="5.365" classname="com.epam.gomel.tat.test.BaseChromeTests"/>
  <testcase name="loginTestSendFolder" time="14.656" classname="com.epam.gomel.tat.test.BaseChromeTests"/>
  <testcase name="loginTestInboxFolder" time="11.283" classname="com.epam.gomel.tat.test.BaseChromeTests"/>
  <testcase name="sendEmailWithoutProperlyFilledAddressTest" time="15.882" classname="com.epam.gomel.tat.test.BaseChromeTests"/>
  <testcase name="noEmailWithoutProperlyFilledAddressTest" time="13.647" classname="com.epam.gomel.tat.test.BaseChromeTests"/>
  <testcase name="sendEmailWithoutSubjectAndBodyTest" time="24.266" classname="com.epam.gomel.tat.test.BaseChromeTests"/>
  <testcase name="emptyMessageIndexFolderTest" time="13.559" classname="com.epam.gomel.tat.test.BaseChromeTests"/>
  <testcase name="createDraftMailTest" time="16.682" classname="com.epam.gomel.tat.test.BaseChromeTests"/>
  <testcase name="deleteDraftMailTest" time="26.21" classname="com.epam.gomel.tat.test.BaseChromeTests"/>
</testsuite> <!-- Default test -->
