<?xml version="1.0" encoding="UTF-8"?>
<!-- Generated by org.testng.reporters.JUnitXMLReporter -->
<testsuite hostname="EPBYGOMW0318" name="Chrome test" tests="10" failures="1" timestamp="8 Dec 2016 07:58:22 GMT" time="14.228" errors="0">
  <testcase name="loginTest" time="9.75" classname="com.epam.gomel.tat.test.Tests">
    <failure type="java.lang.NullPointerException">
      <![CDATA[java.lang.NullPointerException
	at com.epam.gomel.tat.test.Tests.loginTest(Tests.java:74)
... Removed 24 stack frames]]>
    </failure>
  </testcase> <!-- loginTest -->
  <testcase name="wrongLoginTest" time="0.0" classname="com.epam.gomel.tat.test.Tests">
    <skipped/>
  </testcase> <!-- wrongLoginTest -->
  <testcase name="loginTestSendFolder" time="0.0" classname="com.epam.gomel.tat.test.Tests">
    <skipped/>
  </testcase> <!-- loginTestSendFolder -->
  <testcase name="loginTestInboxFolder" time="0.0" classname="com.epam.gomel.tat.test.Tests">
    <skipped/>
  </testcase> <!-- loginTestInboxFolder -->
  <testcase name="sendEmailWithoutProperlyFilledAddressTest" time="0.0" classname="com.epam.gomel.tat.test.Tests">
    <skipped/>
  </testcase> <!-- sendEmailWithoutProperlyFilledAddressTest -->
  <testcase name="noEmailWithoutProperlyFilledAddressTest" time="0.0" classname="com.epam.gomel.tat.test.Tests">
    <skipped/>
  </testcase> <!-- noEmailWithoutProperlyFilledAddressTest -->
  <testcase name="sendEmailWithoutSubjectAndBodyTest" time="0.0" classname="com.epam.gomel.tat.test.Tests">
    <skipped/>
  </testcase> <!-- sendEmailWithoutSubjectAndBodyTest -->
  <testcase name="emptyMessageIndexFolderTest" time="0.0" classname="com.epam.gomel.tat.test.Tests">
    <skipped/>
  </testcase> <!-- emptyMessageIndexFolderTest -->
  <testcase name="createDraftMailTest" time="0.0" classname="com.epam.gomel.tat.test.Tests">
    <skipped/>
  </testcase> <!-- createDraftMailTest -->
  <testcase name="deleteDraftMailTest" time="0.0" classname="com.epam.gomel.tat.test.Tests">
    <skipped/>
  </testcase> <!-- deleteDraftMailTest -->
</testsuite> <!-- Chrome test -->
