<?xml version="1.0" encoding="UTF-8"?>
<!-- Generated by org.testng.reporters.JUnitXMLReporter -->
<testsuite hostname="EPBYGOMW0318" name="ChromeTest" tests="9" failures="0" timestamp="8 Dec 2016 15:57:40 GMT" time="149.246" errors="0">
  <testcase name="loginTest" time="11.112" classname="com.epam.gomel.tat.test.Tests"/>
  <testcase name="wrongLoginTest" time="4.143" classname="com.epam.gomel.tat.test.Tests"/>
  <testcase name="loginTestSendFolder" time="13.725" classname="com.epam.gomel.tat.test.Tests"/>
  <testcase name="loginTestInboxFolder" time="9.994" classname="com.epam.gomel.tat.test.Tests"/>
  <testcase name="sendEmailWithoutProperlyFilledAddressTest" time="10.616" classname="com.epam.gomel.tat.test.Tests"/>
  <testcase name="sendEmailWithoutSubjectAndBodyTest" time="13.069" classname="com.epam.gomel.tat.test.Tests"/>
  <testcase name="emptyMessageIndexFolderTest" time="10.612" classname="com.epam.gomel.tat.test.Tests"/>
  <testcase name="createDraftMailTest" time="15.135" classname="com.epam.gomel.tat.test.Tests"/>
  <testcase name="deleteDraftMailTest" time="25.776" classname="com.epam.gomel.tat.test.Tests"/>
</testsuite> <!-- ChromeTest -->
