<?xml version="1.0" encoding="UTF-8"?>
<!-- Generated by org.testng.reporters.JUnitXMLReporter -->
<testsuite hostname="EPBYGOMW0318" name="FirefoxTest" tests="9" failures="0" timestamp="8 Dec 2016 16:03:05 GMT" time="325.418" errors="0">
  <testcase name="loginTest" time="33.759" classname="com.epam.gomel.tat.test.Tests"/>
  <testcase name="wrongLoginTest" time="4.187" classname="com.epam.gomel.tat.test.Tests"/>
  <testcase name="loginTestSendFolder" time="24.639" classname="com.epam.gomel.tat.test.Tests"/>
  <testcase name="loginTestInboxFolder" time="24.707" classname="com.epam.gomel.tat.test.Tests"/>
  <testcase name="sendEmailWithoutProperlyFilledAddressTest" time="27.258" classname="com.epam.gomel.tat.test.Tests"/>
  <testcase name="sendEmailWithoutSubjectAndBodyTest" time="42.357" classname="com.epam.gomel.tat.test.Tests"/>
  <testcase name="emptyMessageIndexFolderTest" time="24.654" classname="com.epam.gomel.tat.test.Tests"/>
  <testcase name="createDraftMailTest" time="35.343" classname="com.epam.gomel.tat.test.Tests"/>
  <testcase name="deleteDraftMailTest" time="64.636" classname="com.epam.gomel.tat.test.Tests"/>
</testsuite> <!-- FirefoxTest -->
